<?xml version="1.0" encoding="utf-8"?><testsuites name="pytest tests"><testsuite name="pytest" errors="0" failures="0" skipped="0" tests="18" time="5.014" timestamp="2026-06-29T20:32:13.574962+00:00" hostname="agent-env-740c242f-4923-4028-ac71-f7cfb28f51cc"><testcase classname="backend.tests.test_case_insensitive_login.TestAdminLoginCaseInsensitive" name="test_admin_login_variants[admin]" time="0.193" /><testcase classname="backend.tests.test_case_insensitive_login.TestAdminLoginCaseInsensitive" name="test_admin_login_variants[ADMIN]" time="0.047" /><testcase classname="backend.tests.test_case_insensitive_login.TestAdminLoginCaseInsensitive" name="test_admin_login_variants[Admin]" time="0.045" /><testcase classname="backend.tests.test_case_insensitive_login.TestAdminLoginCaseInsensitive" name="test_admin_login_variants[aDmIn]" time="0.050" /><testcase classname="backend.tests.test_case_insensitive_login.TestAdminLoginCaseInsensitive" name="test_admin_login_whitespace_trim[  admin  ]" time="0.043" /><testcase classname="backend.tests.test_case_insensitive_login.TestAdminLoginCaseInsensitive" name="test_admin_login_whitespace_trim[\tadmin\n]" time="0.046" /><testcase classname="backend.tests.test_case_insensitive_login.TestAdminLoginCaseInsensitive" name="test_admin_login_whitespace_trim[ ADMIN ]" time="0.047" /><testcase classname="backend.tests.test_case_insensitive_login.TestAdminLoginCaseInsensitive" name="test_admin_login_whitespace_trim[  Admin\t]" time="0.043" /><testcase classname="backend.tests.test_case_insensitive_login.TestExistingUserLogin" name="test_original_casing" time="0.640" /><testcase classname="backend.tests.test_case_insensitive_login.TestExistingUserLogin" name="test_case_insensitive[TEST]" time="0.266" /><testcase classname="backend.tests.test_case_insensitive_login.TestExistingUserLogin" name="test_case_insensitive[Test]" time="0.267" /><testcase classname="backend.tests.test_case_insensitive_login.TestExistingUserLogin" name="test_case_insensitive[tEsT]" time="0.269" /><testcase classname="backend.tests.test_case_insensitive_login.TestExistingUserLogin" name="test_whitespace_trim" time="0.269" /><testcase classname="backend.tests.test_case_insensitive_login.TestLoginGenericErrors" name="test_wrong_password" time="0.271" /><testcase classname="backend.tests.test_case_insensitive_login.TestLoginGenericErrors" name="test_unknown_user" time="0.049" /><testcase classname="backend.tests.test_case_insensitive_login.TestCreateUserRoundTrip" name="test_create_login_variants_delete" time="1.395" /><testcase classname="backend.tests.test_case_insensitive_login.TestCreateUserWhitespaceTrim" name="test_trim_on_create" time="0.895" /><testcase classname="backend.tests.test_case_insensitive_login.TestDuplicateCheck" name="test_duplicate_mixed_case" time="0.095" /></testsuite></testsuites>