<?xml version="1.0" encoding="utf-8"?><testsuites name="pytest tests"><testsuite name="pytest" errors="0" failures="0" skipped="0" tests="18" time="5.226" timestamp="2026-06-29T21:33:56.443270+00:00" hostname="agent-env-740c242f-4923-4028-ac71-f7cfb28f51cc"><testcase classname="backend.tests.test_case_insensitive_login.TestAdminLoginCaseInsensitive" name="test_admin_login_variants[admin]" time="0.219" /><testcase classname="backend.tests.test_case_insensitive_login.TestAdminLoginCaseInsensitive" name="test_admin_login_variants[ADMIN]" time="0.052" /><testcase classname="backend.tests.test_case_insensitive_login.TestAdminLoginCaseInsensitive" name="test_admin_login_variants[Admin]" time="0.050" /><testcase classname="backend.tests.test_case_insensitive_login.TestAdminLoginCaseInsensitive" name="test_admin_login_variants[aDmIn]" time="0.053" /><testcase classname="backend.tests.test_case_insensitive_login.TestAdminLoginCaseInsensitive" name="test_admin_login_whitespace_trim[  admin  ]" time="0.051" /><testcase classname="backend.tests.test_case_insensitive_login.TestAdminLoginCaseInsensitive" name="test_admin_login_whitespace_trim[\tadmin\n]" time="0.047" /><testcase classname="backend.tests.test_case_insensitive_login.TestAdminLoginCaseInsensitive" name="test_admin_login_whitespace_trim[ ADMIN ]" time="0.057" /><testcase classname="backend.tests.test_case_insensitive_login.TestAdminLoginCaseInsensitive" name="test_admin_login_whitespace_trim[  Admin\t]" time="0.058" /><testcase classname="backend.tests.test_case_insensitive_login.TestExistingUserLogin" name="test_original_casing" time="0.669" /><testcase classname="backend.tests.test_case_insensitive_login.TestExistingUserLogin" name="test_case_insensitive[TEST]" time="0.275" /><testcase classname="backend.tests.test_case_insensitive_login.TestExistingUserLogin" name="test_case_insensitive[Test]" time="0.278" /><testcase classname="backend.tests.test_case_insensitive_login.TestExistingUserLogin" name="test_case_insensitive[tEsT]" time="0.276" /><testcase classname="backend.tests.test_case_insensitive_login.TestExistingUserLogin" name="test_whitespace_trim" time="0.273" /><testcase classname="backend.tests.test_case_insensitive_login.TestLoginGenericErrors" name="test_wrong_password" time="0.273" /><testcase classname="backend.tests.test_case_insensitive_login.TestLoginGenericErrors" name="test_unknown_user" time="0.051" /><testcase classname="backend.tests.test_case_insensitive_login.TestCreateUserRoundTrip" name="test_create_login_variants_delete" time="1.428" /><testcase classname="backend.tests.test_case_insensitive_login.TestCreateUserWhitespaceTrim" name="test_trim_on_create" time="0.933" /><testcase classname="backend.tests.test_case_insensitive_login.TestDuplicateCheck" name="test_duplicate_mixed_case" time="0.119" /></testsuite></testsuites>