<?xml version="1.0" encoding="utf-8"?><testsuites name="pytest tests"><testsuite name="pytest" errors="0" failures="0" skipped="0" tests="18" time="34.172" timestamp="2026-07-10T19:42:12.560419+00:00" hostname="agent-env-383e0e6f-47a0-4821-ba63-4e8a9034bdd9"><testcase classname="backend.tests.test_iter12_regression" name="test_response_shape" time="5.046" /><testcase classname="backend.tests.test_iter12_regression" name="test_iptv_channels_have_country_and_genre" time="0.001" /><testcase classname="backend.tests.test_iter12_regression" name="test_iptv_channels_have_category_id_and_name" time="0.001" /><testcase classname="backend.tests.test_iter12_regression" name="test_iptv_country_and_genre_are_from_known_vocabulary" time="0.001" /><testcase classname="backend.tests.test_iter12_regression" name="test_classification_matches_category_name" time="0.001" /><testcase classname="backend.tests.test_iter12_regression" name="test_at_least_one_usa_category_present" time="0.001" /><testcase classname="backend.tests.test_iter12_regression" name="test_browse_rows_still_works" time="4.324" /><testcase classname="backend.tests.test_iter12_regression" name="test_metadata_endpoint_regression" time="4.819" /><testcase classname="backend.tests.test_iter12_regression" name="test_metadata_children_endpoint_regression" time="5.198" /><testcase classname="backend.tests.test_iter12_regression" name="test_livetv_channels_endpoint_still_works" time="0.000" /><testcase classname="backend.tests.test_live_favorites_recent" name="test_favorites_requires_auth" time="0.104" /><testcase classname="backend.tests.test_live_favorites_recent" name="test_recent_requires_auth" time="0.217" /><testcase classname="backend.tests.test_live_favorites_recent" name="test_favorites_full_flow" time="1.430" /><testcase classname="backend.tests.test_live_favorites_recent" name="test_recent_full_flow" time="2.876" /><testcase classname="backend.tests.test_live_favorites_recent" name="test_recent_watched_at_field" time="0.416" /><testcase classname="backend.tests.test_iter11_regression" name="test_favorites_concurrent_add_produces_single_entry" time="0.822" /><testcase classname="backend.tests.test_iter11_regression" name="test_livetv_channels_returns_list" time="3.667" /><testcase classname="backend.tests.test_iter11_regression" name="test_browse_rows_returns_data" time="5.153" /></testsuite></testsuites>