<?xml version="1.0" encoding="utf-8"?><testsuites name="pytest tests"><testsuite name="pytest" errors="0" failures="0" skipped="0" tests="15" time="9.098" timestamp="2026-07-01T13:30:42.325201+00:00" hostname="agent-env-740c242f-4923-4028-ac71-f7cfb28f51cc"><testcase classname="backend.tests.test_iptv_livetv.TestLiveTVChannels" name="test_channels_shape" time="3.037" /><testcase classname="backend.tests.test_iptv_livetv.TestLiveTVChannels" name="test_source_values" time="0.001" /><testcase classname="backend.tests.test_iptv_livetv.TestLiveTVChannels" name="test_iptv_key_format" time="0.001" /><testcase classname="backend.tests.test_iptv_livetv.TestIPTVStreamUrl" name="test_stream_url_returns_hls" time="0.164" /><testcase classname="backend.tests.test_iptv_livetv.TestIPTVStreamUrl" name="test_known_channel_1389624" time="0.174" /><testcase classname="backend.tests.test_iptv_livetv.TestHLSManifest" name="test_manifest_status_and_type" time="0.873" /><testcase classname="backend.tests.test_iptv_livetv.TestHLSManifest" name="test_manifest_lines_are_pass" time="0.001" /><testcase classname="backend.tests.test_iptv_livetv.TestSegmentPass" name="test_first_segment_is_mpegts" time="0.930" /><testcase classname="backend.tests.test_iptv_livetv.TestSegmentPass" name="test_pass_without_token_rejected" time="0.196" /><testcase classname="backend.tests.test_iptv_livetv.TestSegmentPass" name="test_pass_with_bad_k_rejected" time="0.159" /><testcase classname="backend.tests.test_iptv_livetv.TestIPTVMetadata" name="test_metadata_iptv_shape" time="1.337" /><testcase classname="backend.tests.test_iptv_livetv.TestLogoProxy" name="test_logo_proxy_serves_image" time="0.386" /><testcase classname="backend.tests.test_iptv_livetv.TestLogoProxy" name="test_logo_bad_scheme_rejected" time="0.170" /><testcase classname="backend.tests.test_iptv_livetv.TestPlexRegression" name="test_stream_plex_key_no_crash" time="0.847" /><testcase classname="backend.tests.test_iptv_livetv.TestPlexRegression" name="test_metadata_plex_key_no_crash" time="0.738" /></testsuite></testsuites>