<?xml version="1.0" encoding="utf-8"?><testsuites name="pytest tests"><testsuite name="pytest" errors="0" failures="0" skipped="0" tests="6" time="2.953" timestamp="2026-06-30T03:37:37.268117+00:00" hostname="agent-env-740c242f-4923-4028-ac71-f7cfb28f51cc"><testcase classname="backend.tests.test_login_messages" name="test_login_nonexistent_user_returns_new_message" time="0.259" /><testcase classname="backend.tests.test_login_messages" name="test_login_wrong_password_returns_new_message" time="0.943" /><testcase classname="backend.tests.test_login_messages" name="test_login_disabled_user_returns_new_message" time="0.698" /><testcase classname="backend.tests.test_login_messages" name="test_admin_login_success" time="0.097" /><testcase classname="backend.tests.test_login_messages" name="test_admin_login_case_insensitive" time="0.095" /><testcase classname="backend.tests.test_login_messages" name="test_user_create_login_delete" time="0.791" /></testsuite></testsuites>