<?xml version="1.0" encoding="utf-8"?><testsuites name="pytest tests"><testsuite name="pytest" errors="0" failures="0" skipped="0" tests="5" time="4.122" timestamp="2026-07-10T12:25:48.711846+00:00" hostname="agent-env-383e0e6f-47a0-4821-ba63-4e8a9034bdd9"><testcase classname="backend.tests.test_live_favorites_recent" name="test_favorites_requires_auth" time="0.194" /><testcase classname="backend.tests.test_live_favorites_recent" name="test_recent_requires_auth" time="0.206" /><testcase classname="backend.tests.test_live_favorites_recent" name="test_favorites_full_flow" time="1.315" /><testcase classname="backend.tests.test_live_favorites_recent" name="test_recent_full_flow" time="1.681" /><testcase classname="backend.tests.test_live_favorites_recent" name="test_recent_watched_at_field" time="0.406" /></testsuite></testsuites>