<?xml version="1.0" encoding="utf-8"?><testsuites name="pytest tests"><testsuite name="pytest" errors="0" failures="0" skipped="0" tests="8" time="4.508" timestamp="2026-07-18T02:51:57.321232+00:00" hostname="agent-env-383e0e6f-47a0-4821-ba63-4e8a9034bdd9"><testcase classname="backend.tests.test_iter17_channel_cleaning.TestIter17Coverage" name="test_cleaning_coverage_at_least_80pct" time="4.007" /><testcase classname="backend.tests.test_iter17_channel_cleaning.TestIter17Coverage" name="test_no_divider_entries_in_channels" time="0.001" /><testcase classname="backend.tests.test_iter17_channel_cleaning.TestIter17HelperCases" name="test_bracketed_prefix" time="0.426" /><testcase classname="backend.tests.test_iter17_channel_cleaning.TestIter17HelperCases" name="test_generic_uppercase_fallback" time="0.000" /><testcase classname="backend.tests.test_iter17_channel_cleaning.TestIter17HelperCases" name="test_chained_suffix_strip" time="0.000" /><testcase classname="backend.tests.test_iter17_channel_cleaning.TestIter17HelperCases" name="test_divider_helper" time="0.000" /><testcase classname="backend.tests.test_iter17_channel_cleaning.TestIter17HelperCases" name="test_regression_iter16_cases" time="0.000" /><testcase classname="backend.tests.test_iter17_channel_cleaning.TestIter17HelperCases" name="test_never_empty" time="0.001" /></testsuite></testsuites>