<?xml version="1.0" encoding="utf-8"?><testsuites name="pytest tests"><testsuite name="pytest" errors="0" failures="1" skipped="1" tests="35" time="30.441" timestamp="2026-07-18T02:52:16.258187+00:00" hostname="agent-env-383e0e6f-47a0-4821-ba63-4e8a9034bdd9"><testcase classname="backend.tests.test_iter15_epg.TestEpgEndpoint" name="test_valid_iptv_channel_epg" time="3.985" /><testcase classname="backend.tests.test_iter15_epg.TestEpgEndpoint" name="test_plex_channel_key_rejected" time="0.100" /><testcase classname="backend.tests.test_iter15_epg.TestEpgEndpoint" name="test_malformed_iptv_channel_key" time="0.240" /><testcase classname="backend.tests.test_iter15_epg.TestEpgEndpoint" name="test_nonexistent_stream_returns_empty" time="0.372" /><testcase classname="backend.tests.test_iter15_epg.TestEpgEndpoint" name="test_epg_requires_auth" time="0.095" /><testcase classname="backend.tests.test_iter16_channel_cleaning.TestChannelCleaning" name="test_iptv_channels_have_both_title_and_original_title" time="3.377" /><testcase classname="backend.tests.test_iter16_channel_cleaning.TestChannelCleaning" name="test_cleaning_applied_to_majority" time="0.001"><failure message="AssertionError: only 88.99% of channels have title != original_title (expected &gt;=90%)&#10;assert 0.8899288655934107 &gt;= 0.9">backend/tests/test_iter16_channel_cleaning.py:94: in test_cleaning_applied_to_majority
    assert ratio &gt;= 0.90, f"only {ratio:.2%} of channels have title != original_title (expected &gt;=90%)"
E   AssertionError: only 88.99% of channels have title != original_title (expected &gt;=90%)
E   assert 0.8899288655934107 &gt;= 0.9</failure></testcase><testcase classname="backend.tests.test_iter16_channel_cleaning.TestChannelCleaning" name="test_no_country_prefix_in_cleaned_title" time="0.002" /><testcase classname="backend.tests.test_iter16_channel_cleaning.TestChannelCleaning" name="test_no_hd_suffix_in_cleaned_title" time="0.022" /><testcase classname="backend.tests.test_iter16_channel_cleaning.TestChannelCleaning" name="test_no_unicode_decor_in_cleaned_title" time="0.002" /><testcase classname="backend.tests.test_iter16_channel_cleaning.TestChannelCleaning" name="test_cleaning_never_empties_title" time="0.001" /><testcase classname="backend.tests.test_iter16_channel_cleaning.TestChannelCleaning" name="test_country_and_genre_enrichment_intact" time="0.000" /><testcase classname="backend.tests.test_iter16_channel_cleaning.TestChannelCleaning" name="test_plex_channels_unaffected" time="0.001"><skipped type="pytest.skip" message="No Plex channels">/app/backend/tests/test_iter16_channel_cleaning.py:140: No Plex channels</skipped></testcase><testcase classname="backend.tests.test_iter16_channel_cleaning.TestKnownTransformations" name="test_helper_transformations" time="0.424" /><testcase classname="backend.tests.test_live_favorites_recent" name="test_favorites_requires_auth" time="0.106" /><testcase classname="backend.tests.test_live_favorites_recent" name="test_recent_requires_auth" time="0.213" /><testcase classname="backend.tests.test_live_favorites_recent" name="test_favorites_full_flow" time="1.195" /><testcase classname="backend.tests.test_live_favorites_recent" name="test_recent_full_flow" time="1.701" /><testcase classname="backend.tests.test_live_favorites_recent" name="test_recent_watched_at_field" time="0.426" /><testcase classname="backend.tests.test_iter13_regression" name="test_children_on_movie_returns_empty_not_500" time="3.375" /><testcase classname="backend.tests.test_iter13_regression" name="test_children_on_show_still_works" time="1.447" /><testcase classname="backend.tests.test_iter13_regression" name="test_stream_on_show_returns_400_pick_episode" time="1.391" /><testcase classname="backend.tests.test_iter13_regression" name="test_stream_on_movie_still_returns_url" time="1.597" /><testcase classname="backend.tests.test_iter13_regression" name="test_stream_iptv_live_channel" time="3.705" /><testcase classname="backend.tests.test_iter13_regression" name="test_livetv_iptv_enrichment_still_present" time="2.977" /><testcase classname="backend.tests.test_iter13_regression" name="test_live_favorites_crud" time="0.284" /><testcase classname="backend.tests.test_iter13_regression" name="test_live_recent_endpoint" time="0.204" /><testcase classname="backend.tests.test_iter17_channel_cleaning.TestIter17Coverage" name="test_cleaning_coverage_at_least_80pct" time="3.097" /><testcase classname="backend.tests.test_iter17_channel_cleaning.TestIter17Coverage" name="test_no_divider_entries_in_channels" time="0.001" /><testcase classname="backend.tests.test_iter17_channel_cleaning.TestIter17HelperCases" name="test_bracketed_prefix" time="0.000" /><testcase classname="backend.tests.test_iter17_channel_cleaning.TestIter17HelperCases" name="test_generic_uppercase_fallback" time="0.000" /><testcase classname="backend.tests.test_iter17_channel_cleaning.TestIter17HelperCases" name="test_chained_suffix_strip" time="0.000" /><testcase classname="backend.tests.test_iter17_channel_cleaning.TestIter17HelperCases" name="test_divider_helper" time="0.000" /><testcase classname="backend.tests.test_iter17_channel_cleaning.TestIter17HelperCases" name="test_regression_iter16_cases" time="0.000" /><testcase classname="backend.tests.test_iter17_channel_cleaning.TestIter17HelperCases" name="test_never_empty" time="0.001" /></testsuite></testsuites>