<?xml version="1.0" encoding="utf-8"?><testsuites name="pytest tests"><testsuite name="pytest" errors="0" failures="0" skipped="0" tests="31" time="52.760" timestamp="2026-07-13T03:45:17.597875+00:00" hostname="agent-env-383e0e6f-47a0-4821-ba63-4e8a9034bdd9"><testcase classname="backend.tests.test_iter11_regression" name="test_favorites_concurrent_add_produces_single_entry" time="1.803" /><testcase classname="backend.tests.test_iter11_regression" name="test_livetv_channels_returns_list" time="3.029" /><testcase classname="backend.tests.test_iter11_regression" name="test_browse_rows_returns_data" time="3.679" /><testcase classname="backend.tests.test_iter12_regression" name="test_response_shape" time="4.329" /><testcase classname="backend.tests.test_iter12_regression" name="test_iptv_channels_have_country_and_genre" time="0.001" /><testcase classname="backend.tests.test_iter12_regression" name="test_iptv_channels_have_category_id_and_name" time="0.001" /><testcase classname="backend.tests.test_iter12_regression" name="test_iptv_country_and_genre_are_from_known_vocabulary" time="0.001" /><testcase classname="backend.tests.test_iter12_regression" name="test_classification_matches_category_name" time="0.002" /><testcase classname="backend.tests.test_iter12_regression" name="test_at_least_one_usa_category_present" time="0.001" /><testcase classname="backend.tests.test_iter12_regression" name="test_browse_rows_still_works" time="4.019" /><testcase classname="backend.tests.test_iter12_regression" name="test_metadata_endpoint_regression" time="4.982" /><testcase classname="backend.tests.test_iter12_regression" name="test_metadata_children_endpoint_regression" time="4.974" /><testcase classname="backend.tests.test_iter12_regression" name="test_livetv_channels_endpoint_still_works" time="0.000" /><testcase classname="backend.tests.test_iter13_regression" name="test_children_on_movie_returns_empty_not_500" time="2.554" /><testcase classname="backend.tests.test_iter13_regression" name="test_children_on_show_still_works" time="1.405" /><testcase classname="backend.tests.test_iter13_regression" name="test_stream_on_show_returns_400_pick_episode" time="1.476" /><testcase classname="backend.tests.test_iter13_regression" name="test_stream_on_movie_still_returns_url" time="2.228" /><testcase classname="backend.tests.test_iter13_regression" name="test_stream_iptv_live_channel" time="3.776" /><testcase classname="backend.tests.test_iter13_regression" name="test_livetv_iptv_enrichment_still_present" time="4.224" /><testcase classname="backend.tests.test_iter13_regression" name="test_live_favorites_crud" time="0.315" /><testcase classname="backend.tests.test_iter13_regression" name="test_live_recent_endpoint" time="0.274" /><testcase classname="backend.tests.test_live_favorites_recent" name="test_favorites_requires_auth" time="0.104" /><testcase classname="backend.tests.test_live_favorites_recent" name="test_recent_requires_auth" time="0.231" /><testcase classname="backend.tests.test_live_favorites_recent" name="test_favorites_full_flow" time="2.089" /><testcase classname="backend.tests.test_live_favorites_recent" name="test_recent_full_flow" time="1.596" /><testcase classname="backend.tests.test_live_favorites_recent" name="test_recent_watched_at_field" time="0.409" /><testcase classname="backend.tests.test_iter15_epg.TestEpgEndpoint" name="test_valid_iptv_channel_epg" time="4.456" /><testcase classname="backend.tests.test_iter15_epg.TestEpgEndpoint" name="test_plex_channel_key_rejected" time="0.116" /><testcase classname="backend.tests.test_iter15_epg.TestEpgEndpoint" name="test_malformed_iptv_channel_key" time="0.098" /><testcase classname="backend.tests.test_iter15_epg.TestEpgEndpoint" name="test_nonexistent_stream_returns_empty" time="0.413" /><testcase classname="backend.tests.test_iter15_epg.TestEpgEndpoint" name="test_epg_requires_auth" time="0.095" /></testsuite></testsuites>