<?xml version="1.0" encoding="utf-8"?><testsuites name="pytest tests"><testsuite name="pytest" errors="0" failures="0" skipped="0" tests="26" time="51.496" timestamp="2026-07-10T22:07:15.080088+00:00" hostname="agent-env-383e0e6f-47a0-4821-ba63-4e8a9034bdd9"><testcase classname="backend.tests.test_iter11_regression" name="test_favorites_concurrent_add_produces_single_entry" time="1.222" /><testcase classname="backend.tests.test_iter11_regression" name="test_livetv_channels_returns_list" time="3.561" /><testcase classname="backend.tests.test_iter11_regression" name="test_browse_rows_returns_data" time="3.518" /><testcase classname="backend.tests.test_iter12_regression" name="test_response_shape" time="4.404" /><testcase classname="backend.tests.test_iter12_regression" name="test_iptv_channels_have_country_and_genre" time="0.001" /><testcase classname="backend.tests.test_iter12_regression" name="test_iptv_channels_have_category_id_and_name" time="0.001" /><testcase classname="backend.tests.test_iter12_regression" name="test_iptv_country_and_genre_are_from_known_vocabulary" time="0.001" /><testcase classname="backend.tests.test_iter12_regression" name="test_classification_matches_category_name" time="0.002" /><testcase classname="backend.tests.test_iter12_regression" name="test_at_least_one_usa_category_present" time="0.001" /><testcase classname="backend.tests.test_iter12_regression" name="test_browse_rows_still_works" time="5.319" /><testcase classname="backend.tests.test_iter12_regression" name="test_metadata_endpoint_regression" time="5.159" /><testcase classname="backend.tests.test_iter12_regression" name="test_metadata_children_endpoint_regression" time="5.296" /><testcase classname="backend.tests.test_iter12_regression" name="test_livetv_channels_endpoint_still_works" time="0.000" /><testcase classname="backend.tests.test_iter13_regression" name="test_children_on_movie_returns_empty_not_500" time="3.440" /><testcase classname="backend.tests.test_iter13_regression" name="test_children_on_show_still_works" time="2.893" /><testcase classname="backend.tests.test_iter13_regression" name="test_stream_on_show_returns_400_pick_episode" time="1.469" /><testcase classname="backend.tests.test_iter13_regression" name="test_stream_on_movie_still_returns_url" time="1.433" /><testcase classname="backend.tests.test_iter13_regression" name="test_stream_iptv_live_channel" time="4.389" /><testcase classname="backend.tests.test_iter13_regression" name="test_livetv_iptv_enrichment_still_present" time="4.683" /><testcase classname="backend.tests.test_iter13_regression" name="test_live_favorites_crud" time="0.428" /><testcase classname="backend.tests.test_iter13_regression" name="test_live_recent_endpoint" time="0.216" /><testcase classname="backend.tests.test_live_favorites_recent" name="test_favorites_requires_auth" time="0.113" /><testcase classname="backend.tests.test_live_favorites_recent" name="test_recent_requires_auth" time="0.220" /><testcase classname="backend.tests.test_live_favorites_recent" name="test_favorites_full_flow" time="1.237" /><testcase classname="backend.tests.test_live_favorites_recent" name="test_recent_full_flow" time="1.721" /><testcase classname="backend.tests.test_live_favorites_recent" name="test_recent_watched_at_field" time="0.410" /></testsuite></testsuites>