<?xml version="1.0" encoding="utf-8"?><testsuites name="pytest tests"><testsuite name="pytest" errors="0" failures="0" skipped="0" tests="3" time="7.699" timestamp="2026-07-10T15:02:17.059830+00:00" hostname="agent-env-383e0e6f-47a0-4821-ba63-4e8a9034bdd9"><testcase classname="backend.tests.test_iter11_regression" name="test_favorites_concurrent_add_produces_single_entry" time="1.953" /><testcase classname="backend.tests.test_iter11_regression" name="test_livetv_channels_returns_list" time="2.685" /><testcase classname="backend.tests.test_iter11_regression" name="test_browse_rows_returns_data" time="2.997" /></testsuite></testsuites>