<?xml version="1.0" encoding="utf-8"?><testsuites name="pytest tests"><testsuite name="pytest" errors="0" failures="0" skipped="0" tests="4" time="13.081" timestamp="2026-06-30T04:30:15.703616+00:00" hostname="agent-env-740c242f-4923-4028-ac71-f7cfb28f51cc"><testcase classname="backend.tests.test_iter8.TestCreateUserResponse" name="test_create_user_returns_account_number_and_expires_at" time="0.664" /><testcase classname="backend.tests.test_iter8.TestMeSubscription" name="test_me_subscription_with_fresh_user" time="0.854" /><testcase classname="backend.tests.test_iter8.TestShowSeasonsEpisodes" name="test_show_seasons_and_episodes" time="8.443" /><testcase classname="backend.tests.test_iter8.TestNormalizeMovieFields" name="test_movie_has_new_keys" time="3.035" /></testsuite></testsuites>