<?xml version="1.0" encoding="utf-8"?><testsuites name="pytest tests"><testsuite name="pytest" errors="0" failures="0" skipped="0" tests="8" time="20.056" timestamp="2026-07-10T19:54:04.261244+00:00" hostname="agent-env-383e0e6f-47a0-4821-ba63-4e8a9034bdd9"><testcase classname="backend.tests.test_iter13_regression" name="test_children_on_movie_returns_empty_not_500" time="6.878" /><testcase classname="backend.tests.test_iter13_regression" name="test_children_on_show_still_works" time="1.514" /><testcase classname="backend.tests.test_iter13_regression" name="test_stream_on_show_returns_400_pick_episode" time="1.503" /><testcase classname="backend.tests.test_iter13_regression" name="test_stream_on_movie_still_returns_url" time="1.523" /><testcase classname="backend.tests.test_iter13_regression" name="test_stream_iptv_live_channel" time="4.354" /><testcase classname="backend.tests.test_iter13_regression" name="test_livetv_iptv_enrichment_still_present" time="3.678" /><testcase classname="backend.tests.test_iter13_regression" name="test_live_favorites_crud" time="0.312" /><testcase classname="backend.tests.test_iter13_regression" name="test_live_recent_endpoint" time="0.210" /></testsuite></testsuites>