<?xml version="1.0" encoding="utf-8"?><testsuites name="pytest tests"><testsuite name="pytest" errors="0" failures="1" skipped="0" tests="12" time="11.288" timestamp="2026-06-30T04:08:09.607093+00:00" hostname="agent-env-740c242f-4923-4028-ac71-f7cfb28f51cc"><testcase classname="backend.tests.test_subscription_features.TestCreateUser" name="test_create_user_returns_account_number_and_subscription_fields" time="0.784" /><testcase classname="backend.tests.test_subscription_features.TestLoginDeviceRegistration" name="test_login_auto_registers_device" time="0.855" /><testcase classname="backend.tests.test_subscription_features.TestLoginDeviceRegistration" name="test_device_limit_enforced" time="1.488" /><testcase classname="backend.tests.test_subscription_features.TestSubscriptionExpiry" name="test_expired_login_blocked" time="0.860" /><testcase classname="backend.tests.test_subscription_features.TestSubscriptionExpiry" name="test_extend_months_from_future" time="0.737" /><testcase classname="backend.tests.test_subscription_features.TestSubscriptionExpiry" name="test_extend_months_from_now_when_expired" time="0.827" /><testcase classname="backend.tests.test_subscription_features.TestSubscriptionExpiry" name="test_subscription_view_statuses" time="1.060" /><testcase classname="backend.tests.test_subscription_features.TestDevicesAdmin" name="test_patch_primary_and_delete" time="1.466" /><testcase classname="backend.tests.test_subscription_features.TestNotes" name="test_note_create_and_delete" time="0.935" /><testcase classname="backend.tests.test_subscription_features.TestMeSubscription" name="test_me_subscription_endpoint" time="0.846"><failure message="AssertionError: {&quot;detail&quot;:&quot;Not found&quot;}&#10;assert 404 == 200&#10; +  where 404 = &lt;Response [404]&gt;.status_code">backend/tests/test_subscription_features.py:237: in test_me_subscription_endpoint
    assert me.status_code == 200, me.text
E   AssertionError: {"detail":"Not found"}
E   assert 404 == 200
E    +  where 404 = &lt;Response [404]&gt;.status_code</failure></testcase><testcase classname="backend.tests.test_subscription_features.TestCaseInsensitiveLogin" name="test_admin_case_insensitive" time="0.095" /><testcase classname="backend.tests.test_subscription_features.TestCaseInsensitiveLogin" name="test_user_case_insensitive" time="1.130" /></testsuite></testsuites>