<?xml version="1.0" encoding="utf-8"?><testsuites name="pytest tests"><testsuite name="pytest" errors="0" failures="0" skipped="0" tests="47" time="2.885" timestamp="2026-06-25T09:25:03.068517+00:00" hostname="agent-env-740c242f-4923-4028-ac71-f7cfb28f51cc"><testcase classname="backend.tests.test_backend_api.TestHealth" name="test_root" time="0.239" /><testcase classname="backend.tests.test_backend_api.TestAdminAuth" name="test_login_success" time="0.048" /><testcase classname="backend.tests.test_backend_api.TestAdminAuth" name="test_login_wrong_password" time="0.042" /><testcase classname="backend.tests.test_backend_api.TestAdminAuth" name="test_login_wrong_username" time="0.041" /><testcase classname="backend.tests.test_backend_api.TestAdminAuth" name="test_admin_me" time="0.085" /><testcase classname="backend.tests.test_backend_api.TestAdminProtected" name="test_requires_token[/admin/stats]" time="0.039" /><testcase classname="backend.tests.test_backend_api.TestAdminProtected" name="test_requires_token[/admin/users]" time="0.040" /><testcase classname="backend.tests.test_backend_api.TestAdminProtected" name="test_requires_token[/admin/servers]" time="0.055" /><testcase classname="backend.tests.test_backend_api.TestAdminProtected" name="test_requires_token[/admin/activity]" time="0.040" /><testcase classname="backend.tests.test_backend_api.TestAdminProtected" name="test_requires_token[/admin/settings]" time="0.039" /><testcase classname="backend.tests.test_backend_api.TestAdminProtected" name="test_requires_token[/admin/me]" time="0.040" /><testcase classname="backend.tests.test_backend_api.TestAdminProtected" name="test_invalid_token[/admin/stats]" time="0.041" /><testcase classname="backend.tests.test_backend_api.TestAdminProtected" name="test_invalid_token[/admin/users]" time="0.042" /><testcase classname="backend.tests.test_backend_api.TestAdminProtected" name="test_invalid_token[/admin/servers]" time="0.041" /><testcase classname="backend.tests.test_backend_api.TestAdminProtected" name="test_invalid_token[/admin/activity]" time="0.042" /><testcase classname="backend.tests.test_backend_api.TestAdminProtected" name="test_invalid_token[/admin/settings]" time="0.043" /><testcase classname="backend.tests.test_backend_api.TestAdminProtected" name="test_invalid_token[/admin/me]" time="0.041" /><testcase classname="backend.tests.test_backend_api.TestAdminProtected" name="test_with_token_ok[/admin/stats]" time="0.041" /><testcase classname="backend.tests.test_backend_api.TestAdminProtected" name="test_with_token_ok[/admin/users]" time="0.042" /><testcase classname="backend.tests.test_backend_api.TestAdminProtected" name="test_with_token_ok[/admin/servers]" time="0.040" /><testcase classname="backend.tests.test_backend_api.TestAdminProtected" name="test_with_token_ok[/admin/activity]" time="0.042" /><testcase classname="backend.tests.test_backend_api.TestAdminProtected" name="test_with_token_ok[/admin/settings]" time="0.048" /><testcase classname="backend.tests.test_backend_api.TestAdminProtected" name="test_with_token_ok[/admin/me]" time="0.041" /><testcase classname="backend.tests.test_backend_api.TestAdminSettings" name="test_get_returns_defaults" time="0.042" /><testcase classname="backend.tests.test_backend_api.TestAdminSettings" name="test_update_and_persist" time="0.140" /><testcase classname="backend.tests.test_backend_api.TestAdminUserStatus" name="test_invalid_status_400" time="0.042" /><testcase classname="backend.tests.test_backend_api.TestAdminUserStatus" name="test_valid_status_on_missing_user[banned]" time="0.041" /><testcase classname="backend.tests.test_backend_api.TestAdminUserStatus" name="test_valid_status_on_missing_user[active]" time="0.046" /><testcase classname="backend.tests.test_backend_api.TestAdminUserStatus" name="test_valid_status_on_missing_user[revoked]" time="0.044" /><testcase classname="backend.tests.test_backend_api.TestPlexPin" name="test_create_pin" time="0.404" /><testcase classname="backend.tests.test_backend_api.TestPlexPin" name="test_poll_nonexistent_pin_404" time="0.045" /><testcase classname="backend.tests.test_backend_api.TestUserAuthGating" name="test_no_token[/me]" time="0.041" /><testcase classname="backend.tests.test_backend_api.TestUserAuthGating" name="test_no_token[/servers]" time="0.040" /><testcase classname="backend.tests.test_backend_api.TestUserAuthGating" name="test_no_token[/libraries]" time="0.039" /><testcase classname="backend.tests.test_backend_api.TestUserAuthGating" name="test_no_token[/recently-added]" time="0.044" /><testcase classname="backend.tests.test_backend_api.TestUserAuthGating" name="test_no_token[/continue-watching]" time="0.049" /><testcase classname="backend.tests.test_backend_api.TestUserAuthGating" name="test_no_token[/search?q=x]" time="0.040" /><testcase classname="backend.tests.test_backend_api.TestUserAuthGating" name="test_no_token[/livetv/channels]" time="0.040" /><testcase classname="backend.tests.test_backend_api.TestUserAuthGating" name="test_no_token[/stream/123]" time="0.041" /><testcase classname="backend.tests.test_backend_api.TestUserAuthGating" name="test_bad_token[/me]" time="0.045" /><testcase classname="backend.tests.test_backend_api.TestUserAuthGating" name="test_bad_token[/servers]" time="0.045" /><testcase classname="backend.tests.test_backend_api.TestUserAuthGating" name="test_bad_token[/libraries]" time="0.053" /><testcase classname="backend.tests.test_backend_api.TestUserAuthGating" name="test_bad_token[/recently-added]" time="0.039" /><testcase classname="backend.tests.test_backend_api.TestUserAuthGating" name="test_bad_token[/continue-watching]" time="0.042" /><testcase classname="backend.tests.test_backend_api.TestUserAuthGating" name="test_bad_token[/search?q=x]" time="0.042" /><testcase classname="backend.tests.test_backend_api.TestUserAuthGating" name="test_bad_token[/livetv/channels]" time="0.043" /><testcase classname="backend.tests.test_backend_api.TestUserAuthGating" name="test_bad_token[/stream/123]" time="0.043" /></testsuite></testsuites>